<?xml version="1.0" encoding="UTF-8"?>
<testng-results ignored="0" total="1" passed="1" failed="0" skipped="0">
  <reporter-output>
  </reporter-output>
  <suite started-at="2022-01-22T18:03:11 IST" name="Default suite" finished-at="2022-01-22T18:03:11 IST" duration-ms="53">
    <groups>
    </groups>
    <test started-at="2022-01-22T18:03:11 IST" name="Default test" finished-at="2022-01-22T18:03:11 IST" duration-ms="53">
      <class name="example1.testcase1">
        <test-method is-config="true" signature="before()[pri:0, instance:example1.testcase1@34f7cfd9]" started-at="2022-01-22T18:03:11 IST" name="before" finished-at="2022-01-22T18:03:11 IST" duration-ms="4" status="PASS">
          <reporter-output>
          </reporter-output>
        </test-method> <!-- before -->
        <test-method signature="testcase1()[pri:0, instance:example1.testcase1@34f7cfd9]" started-at="2022-01-22T18:03:11 IST" name="testcase1" finished-at="2022-01-22T18:03:11 IST" duration-ms="6" status="PASS">
          <reporter-output>
          </reporter-output>
        </test-method> <!-- testcase1 -->
        <test-method is-config="true" signature="After()[pri:0, instance:example1.testcase1@34f7cfd9]" started-at="2022-01-22T18:03:11 IST" name="After" finished-at="2022-01-22T18:03:11 IST" duration-ms="0" status="PASS">
          <reporter-output>
          </reporter-output>
        </test-method> <!-- After -->
      </class> <!-- example1.testcase1 -->
    </test> <!-- Default test -->
  </suite> <!-- Default suite -->
</testng-results>
